[2021-10-22 12:24:33] local.ERROR: Please provide a valid cache path. {"exception":"[object] (InvalidArgumentException(code: 0): Please provide a valid cache path. at C:\\Users\\Lenovo\\Desktop\\scratches\\laravel\\sdt_beta\\vendor\\laravel\\framework\\src\\Illuminate\\View\\Compilers\\Compiler.php:36)
[stacktrace]
#0 C:\\Users\\Lenovo\\Desktop\\scratches\\laravel\\sdt_beta\\vendor\\laravel\\framework\\src\\Illuminate\\View\\ViewServiceProvider.php(88): Illuminate\\View\\Compilers\\Compiler->__construct()
#1 C:\\Users\\Lenovo\\Desktop\\scratches\\laravel\\sdt_beta\\vendor\\laravel\\framework\\src\\Illuminate\\Container\\Container.php(873): Illuminate\\View\\ViewServiceProvider->Illuminate\\View\\{closure}()
#2 C:\\Users\\Lenovo\\Desktop\\scratches\\laravel\\sdt_beta\\vendor\\laravel\\framework\\src\\Illuminate\\Container\\Container.php(758): Illuminate\\Container\\Container->build()
#3 C:\\Users\\Lenovo\\Desktop\\scratches\\laravel\\sdt_beta\\vendor\\laravel\\framework\\src\\Illuminate\\Foundation\\Application.php(841): Illuminate\\Container\\Container->resolve()
#4 C:\\Users\\Lenovo\\Desktop\\scratches\\laravel\\sdt_beta\\vendor\\laravel\\framework\\src\\Illuminate\\Container\\Container.php(694): Illuminate\\Foundation\\Application->resolve()
#5 C:\\Users\\Lenovo\\Desktop\\scratches\\laravel\\sdt_beta\\vendor\\laravel\\framework\\src\\Illuminate\\Foundation\\Application.php(826): Illuminate\\Container\\Container->make()
#6 C:\\Users\\Lenovo\\Desktop\\scratches\\laravel\\sdt_beta\\vendor\\laravel\\framework\\src\\Illuminate\\Container\\Container.php(1423): Illuminate\\Foundation\\Application->make()
#7 C:\\Users\\Lenovo\\Desktop\\scratches\\laravel\\sdt_beta\\vendor\\laravel\\framework\\src\\Illuminate\\View\\ViewServiceProvider.php(150): Illuminate\\Container\\Container->offsetGet()
#8 [internal function]: Illuminate\\View\\ViewServiceProvider->Illuminate\\View\\{closure}()
#9 C:\\Users\\Lenovo\\Desktop\\scratches\\laravel\\sdt_beta\\vendor\\laravel\\framework\\src\\Illuminate\\View\\Engines\\EngineResolver.php(55): call_user_func()
#10 C:\\Users\\Lenovo\\Desktop\\scratches\\laravel\\sdt_beta\\vendor\\facade\\ignition\\src\\IgnitionServiceProvider.php(461): Illuminate\\View\\Engines\\EngineResolver->resolve()
#11 C:\\Users\\Lenovo\\Desktop\\scratches\\laravel\\sdt_beta\\vendor\\facade\\ignition\\src\\IgnitionServiceProvider.php(155): Facade\\Ignition\\IgnitionServiceProvider->hasCustomViewEnginesRegistered()
#12 C:\\Users\\Lenovo\\Desktop\\scratches\\laravel\\sdt_beta\\vendor\\facade\\ignition\\src\\IgnitionServiceProvider.php(98): Facade\\Ignition\\IgnitionServiceProvider->registerViewEngines()
#13 C:\\Users\\Lenovo\\Desktop\\scratches\\laravel\\sdt_beta\\vendor\\laravel\\framework\\src\\Illuminate\\Container\\BoundMethod.php(36): Facade\\Ignition\\IgnitionServiceProvider->boot()
#14 C:\\Users\\Lenovo\\Desktop\\scratches\\laravel\\sdt_beta\\vendor\\laravel\\framework\\src\\Illuminate\\Container\\Util.php(40): Illuminate\\Container\\BoundMethod::Illuminate\\Container\\{closure}()
#15 C:\\Users\\Lenovo\\Desktop\\scratches\\laravel\\sdt_beta\\vendor\\laravel\\framework\\src\\Illuminate\\Container\\BoundMethod.php(93): Illuminate\\Container\\Util::unwrapIfClosure()
#16 C:\\Users\\Lenovo\\Desktop\\scratches\\laravel\\sdt_beta\\vendor\\laravel\\framework\\src\\Illuminate\\Container\\BoundMethod.php(37): Illuminate\\Container\\BoundMethod::callBoundMethod()
#17 C:\\Users\\Lenovo\\Desktop\\scratches\\laravel\\sdt_beta\\vendor\\laravel\\framework\\src\\Illuminate\\Container\\Container.php(653): Illuminate\\Container\\BoundMethod::call()
#18 C:\\Users\\Lenovo\\Desktop\\scratches\\laravel\\sdt_beta\\vendor\\laravel\\framework\\src\\Illuminate\\Foundation\\Application.php(914): Illuminate\\Container\\Container->call()
#19 C:\\Users\\Lenovo\\Desktop\\scratches\\laravel\\sdt_beta\\vendor\\laravel\\framework\\src\\Illuminate\\Foundation\\Application.php(895): Illuminate\\Foundation\\Application->bootProvider()
#20 [internal function]: Illuminate\\Foundation\\Application->Illuminate\\Foundation\\{closure}()
#21 C:\\Users\\Lenovo\\Desktop\\scratches\\laravel\\sdt_beta\\vendor\\laravel\\framework\\src\\Illuminate\\Foundation\\Application.php(896): array_walk()
#22 C:\\Users\\Lenovo\\Desktop\\scratches\\laravel\\sdt_beta\\vendor\\laravel\\framework\\src\\Illuminate\\Foundation\\Bootstrap\\BootProviders.php(17): Illuminate\\Foundation\\Application->boot()
#23 C:\\Users\\Lenovo\\Desktop\\scratches\\laravel\\sdt_beta\\vendor\\laravel\\framework\\src\\Illuminate\\Foundation\\Application.php(237): Illuminate\\Foundation\\Bootstrap\\BootProviders->bootstrap()
#24 C:\\Users\\Lenovo\\Desktop\\scratches\\laravel\\sdt_beta\\vendor\\laravel\\framework\\src\\Illuminate\\Foundation\\Console\\Kernel.php(310): Illuminate\\Foundation\\Application->bootstrapWith()
#25 C:\\Users\\Lenovo\\Desktop\\scratches\\laravel\\sdt_beta\\vendor\\laravel\\framework\\src\\Illuminate\\Foundation\\Console\\Kernel.php(127): Illuminate\\Foundation\\Console\\Kernel->bootstrap()
#26 C:\\Users\\Lenovo\\Desktop\\scratches\\laravel\\sdt_beta\\artisan(37): Illuminate\\Foundation\\Console\\Kernel->handle()
#27 {main}
"} 
[2021-10-22 12:24:36] local.ERROR: Please provide a valid cache path. {"exception":"[object] (InvalidArgumentException(code: 0): Please provide a valid cache path. at C:\\Users\\Lenovo\\Desktop\\scratches\\laravel\\sdt_beta\\vendor\\laravel\\framework\\src\\Illuminate\\View\\Compilers\\Compiler.php:36)
[stacktrace]
#0 C:\\Users\\Lenovo\\Desktop\\scratches\\laravel\\sdt_beta\\vendor\\laravel\\framework\\src\\Illuminate\\View\\ViewServiceProvider.php(88): Illuminate\\View\\Compilers\\Compiler->__construct()
#1 C:\\Users\\Lenovo\\Desktop\\scratches\\laravel\\sdt_beta\\vendor\\laravel\\framework\\src\\Illuminate\\Container\\Container.php(873): Illuminate\\View\\ViewServiceProvider->Illuminate\\View\\{closure}()
#2 C:\\Users\\Lenovo\\Desktop\\scratches\\laravel\\sdt_beta\\vendor\\laravel\\framework\\src\\Illuminate\\Container\\Container.php(758): Illuminate\\Container\\Container->build()
#3 C:\\Users\\Lenovo\\Desktop\\scratches\\laravel\\sdt_beta\\vendor\\laravel\\framework\\src\\Illuminate\\Foundation\\Application.php(841): Illuminate\\Container\\Container->resolve()
#4 C:\\Users\\Lenovo\\Desktop\\scratches\\laravel\\sdt_beta\\vendor\\laravel\\framework\\src\\Illuminate\\Container\\Container.php(694): Illuminate\\Foundation\\Application->resolve()
#5 C:\\Users\\Lenovo\\Desktop\\scratches\\laravel\\sdt_beta\\vendor\\laravel\\framework\\src\\Illuminate\\Foundation\\Application.php(826): Illuminate\\Container\\Container->make()
#6 C:\\Users\\Lenovo\\Desktop\\scratches\\laravel\\sdt_beta\\vendor\\laravel\\framework\\src\\Illuminate\\Container\\Container.php(1423): Illuminate\\Foundation\\Application->make()
#7 C:\\Users\\Lenovo\\Desktop\\scratches\\laravel\\sdt_beta\\vendor\\laravel\\framework\\src\\Illuminate\\View\\ViewServiceProvider.php(150): Illuminate\\Container\\Container->offsetGet()
#8 [internal function]: Illuminate\\View\\ViewServiceProvider->Illuminate\\View\\{closure}()
#9 C:\\Users\\Lenovo\\Desktop\\scratches\\laravel\\sdt_beta\\vendor\\laravel\\framework\\src\\Illuminate\\View\\Engines\\EngineResolver.php(55): call_user_func()
#10 C:\\Users\\Lenovo\\Desktop\\scratches\\laravel\\sdt_beta\\vendor\\facade\\ignition\\src\\IgnitionServiceProvider.php(461): Illuminate\\View\\Engines\\EngineResolver->resolve()
#11 C:\\Users\\Lenovo\\Desktop\\scratches\\laravel\\sdt_beta\\vendor\\facade\\ignition\\src\\IgnitionServiceProvider.php(155): Facade\\Ignition\\IgnitionServiceProvider->hasCustomViewEnginesRegistered()
#12 C:\\Users\\Lenovo\\Desktop\\scratches\\laravel\\sdt_beta\\vendor\\facade\\ignition\\src\\IgnitionServiceProvider.php(98): Facade\\Ignition\\IgnitionServiceProvider->registerViewEngines()
#13 C:\\Users\\Lenovo\\Desktop\\scratches\\laravel\\sdt_beta\\vendor\\laravel\\framework\\src\\Illuminate\\Container\\BoundMethod.php(36): Facade\\Ignition\\IgnitionServiceProvider->boot()
#14 C:\\Users\\Lenovo\\Desktop\\scratches\\laravel\\sdt_beta\\vendor\\laravel\\framework\\src\\Illuminate\\Container\\Util.php(40): Illuminate\\Container\\BoundMethod::Illuminate\\Container\\{closure}()
#15 C:\\Users\\Lenovo\\Desktop\\scratches\\laravel\\sdt_beta\\vendor\\laravel\\framework\\src\\Illuminate\\Container\\BoundMethod.php(93): Illuminate\\Container\\Util::unwrapIfClosure()
#16 C:\\Users\\Lenovo\\Desktop\\scratches\\laravel\\sdt_beta\\vendor\\laravel\\framework\\src\\Illuminate\\Container\\BoundMethod.php(37): Illuminate\\Container\\BoundMethod::callBoundMethod()
#17 C:\\Users\\Lenovo\\Desktop\\scratches\\laravel\\sdt_beta\\vendor\\laravel\\framework\\src\\Illuminate\\Container\\Container.php(653): Illuminate\\Container\\BoundMethod::call()
#18 C:\\Users\\Lenovo\\Desktop\\scratches\\laravel\\sdt_beta\\vendor\\laravel\\framework\\src\\Illuminate\\Foundation\\Application.php(914): Illuminate\\Container\\Container->call()
#19 C:\\Users\\Lenovo\\Desktop\\scratches\\laravel\\sdt_beta\\vendor\\laravel\\framework\\src\\Illuminate\\Foundation\\Application.php(895): Illuminate\\Foundation\\Application->bootProvider()
#20 [internal function]: Illuminate\\Foundation\\Application->Illuminate\\Foundation\\{closure}()
#21 C:\\Users\\Lenovo\\Desktop\\scratches\\laravel\\sdt_beta\\vendor\\laravel\\framework\\src\\Illuminate\\Foundation\\Application.php(896): array_walk()
#22 C:\\Users\\Lenovo\\Desktop\\scratches\\laravel\\sdt_beta\\vendor\\laravel\\framework\\src\\Illuminate\\Foundation\\Bootstrap\\BootProviders.php(17): Illuminate\\Foundation\\Application->boot()
#23 C:\\Users\\Lenovo\\Desktop\\scratches\\laravel\\sdt_beta\\vendor\\laravel\\framework\\src\\Illuminate\\Foundation\\Application.php(237): Illuminate\\Foundation\\Bootstrap\\BootProviders->bootstrap()
#24 C:\\Users\\Lenovo\\Desktop\\scratches\\laravel\\sdt_beta\\vendor\\laravel\\framework\\src\\Illuminate\\Foundation\\Console\\Kernel.php(310): Illuminate\\Foundation\\Application->bootstrapWith()
#25 C:\\Users\\Lenovo\\Desktop\\scratches\\laravel\\sdt_beta\\vendor\\laravel\\framework\\src\\Illuminate\\Foundation\\Console\\Kernel.php(127): Illuminate\\Foundation\\Console\\Kernel->bootstrap()
#26 Command line code(1): Illuminate\\Foundation\\Console\\Kernel->handle()
#27 {main}
"} 
[2021-10-22 12:24:36] local.ERROR: Please provide a valid cache path. {"exception":"[object] (InvalidArgumentException(code: 0): Please provide a valid cache path. at C:\\Users\\Lenovo\\Desktop\\scratches\\laravel\\sdt_beta\\vendor\\laravel\\framework\\src\\Illuminate\\View\\Compilers\\Compiler.php:36)
[stacktrace]
#0 C:\\Users\\Lenovo\\Desktop\\scratches\\laravel\\sdt_beta\\vendor\\laravel\\framework\\src\\Illuminate\\View\\ViewServiceProvider.php(88): Illuminate\\View\\Compilers\\Compiler->__construct()
#1 C:\\Users\\Lenovo\\Desktop\\scratches\\laravel\\sdt_beta\\vendor\\laravel\\framework\\src\\Illuminate\\Container\\Container.php(873): Illuminate\\View\\ViewServiceProvider->Illuminate\\View\\{closure}()
#2 C:\\Users\\Lenovo\\Desktop\\scratches\\laravel\\sdt_beta\\vendor\\laravel\\framework\\src\\Illuminate\\Container\\Container.php(758): Illuminate\\Container\\Container->build()
#3 C:\\Users\\Lenovo\\Desktop\\scratches\\laravel\\sdt_beta\\vendor\\laravel\\framework\\src\\Illuminate\\Foundation\\Application.php(841): Illuminate\\Container\\Container->resolve()
#4 C:\\Users\\Lenovo\\Desktop\\scratches\\laravel\\sdt_beta\\vendor\\laravel\\framework\\src\\Illuminate\\Container\\Container.php(694): Illuminate\\Foundation\\Application->resolve()
#5 C:\\Users\\Lenovo\\Desktop\\scratches\\laravel\\sdt_beta\\vendor\\laravel\\framework\\src\\Illuminate\\Foundation\\Application.php(826): Illuminate\\Container\\Container->make()
#6 C:\\Users\\Lenovo\\Desktop\\scratches\\laravel\\sdt_beta\\vendor\\laravel\\framework\\src\\Illuminate\\Container\\Container.php(1423): Illuminate\\Foundation\\Application->make()
#7 C:\\Users\\Lenovo\\Desktop\\scratches\\laravel\\sdt_beta\\vendor\\laravel\\framework\\src\\Illuminate\\View\\ViewServiceProvider.php(150): Illuminate\\Container\\Container->offsetGet()
#8 [internal function]: Illuminate\\View\\ViewServiceProvider->Illuminate\\View\\{closure}()
#9 C:\\Users\\Lenovo\\Desktop\\scratches\\laravel\\sdt_beta\\vendor\\laravel\\framework\\src\\Illuminate\\View\\Engines\\EngineResolver.php(55): call_user_func()
#10 C:\\Users\\Lenovo\\Desktop\\scratches\\laravel\\sdt_beta\\vendor\\facade\\ignition\\src\\IgnitionServiceProvider.php(461): Illuminate\\View\\Engines\\EngineResolver->resolve()
#11 C:\\Users\\Lenovo\\Desktop\\scratches\\laravel\\sdt_beta\\vendor\\facade\\ignition\\src\\IgnitionServiceProvider.php(155): Facade\\Ignition\\IgnitionServiceProvider->hasCustomViewEnginesRegistered()
#12 C:\\Users\\Lenovo\\Desktop\\scratches\\laravel\\sdt_beta\\vendor\\facade\\ignition\\src\\IgnitionServiceProvider.php(98): Facade\\Ignition\\IgnitionServiceProvider->registerViewEngines()
#13 C:\\Users\\Lenovo\\Desktop\\scratches\\laravel\\sdt_beta\\vendor\\laravel\\framework\\src\\Illuminate\\Container\\BoundMethod.php(36): Facade\\Ignition\\IgnitionServiceProvider->boot()
#14 C:\\Users\\Lenovo\\Desktop\\scratches\\laravel\\sdt_beta\\vendor\\laravel\\framework\\src\\Illuminate\\Container\\Util.php(40): Illuminate\\Container\\BoundMethod::Illuminate\\Container\\{closure}()
#15 C:\\Users\\Lenovo\\Desktop\\scratches\\laravel\\sdt_beta\\vendor\\laravel\\framework\\src\\Illuminate\\Container\\BoundMethod.php(93): Illuminate\\Container\\Util::unwrapIfClosure()
#16 C:\\Users\\Lenovo\\Desktop\\scratches\\laravel\\sdt_beta\\vendor\\laravel\\framework\\src\\Illuminate\\Container\\BoundMethod.php(37): Illuminate\\Container\\BoundMethod::callBoundMethod()
#17 C:\\Users\\Lenovo\\Desktop\\scratches\\laravel\\sdt_beta\\vendor\\laravel\\framework\\src\\Illuminate\\Container\\Container.php(653): Illuminate\\Container\\BoundMethod::call()
#18 C:\\Users\\Lenovo\\Desktop\\scratches\\laravel\\sdt_beta\\vendor\\laravel\\framework\\src\\Illuminate\\Foundation\\Application.php(914): Illuminate\\Container\\Container->call()
#19 C:\\Users\\Lenovo\\Desktop\\scratches\\laravel\\sdt_beta\\vendor\\laravel\\framework\\src\\Illuminate\\Foundation\\Application.php(895): Illuminate\\Foundation\\Application->bootProvider()
#20 [internal function]: Illuminate\\Foundation\\Application->Illuminate\\Foundation\\{closure}()
#21 C:\\Users\\Lenovo\\Desktop\\scratches\\laravel\\sdt_beta\\vendor\\laravel\\framework\\src\\Illuminate\\Foundation\\Application.php(896): array_walk()
#22 C:\\Users\\Lenovo\\Desktop\\scratches\\laravel\\sdt_beta\\vendor\\laravel\\framework\\src\\Illuminate\\Foundation\\Bootstrap\\BootProviders.php(17): Illuminate\\Foundation\\Application->boot()
#23 C:\\Users\\Lenovo\\Desktop\\scratches\\laravel\\sdt_beta\\vendor\\laravel\\framework\\src\\Illuminate\\Foundation\\Application.php(237): Illuminate\\Foundation\\Bootstrap\\BootProviders->bootstrap()
#24 C:\\Users\\Lenovo\\Desktop\\scratches\\laravel\\sdt_beta\\vendor\\laravel\\framework\\src\\Illuminate\\Foundation\\Console\\Kernel.php(310): Illuminate\\Foundation\\Application->bootstrapWith()
#25 C:\\Users\\Lenovo\\Desktop\\scratches\\laravel\\sdt_beta\\vendor\\laravel\\framework\\src\\Illuminate\\Foundation\\Console\\Kernel.php(127): Illuminate\\Foundation\\Console\\Kernel->bootstrap()
#26 Command line code(1): Illuminate\\Foundation\\Console\\Kernel->handle()
#27 {main}
"} 
[2021-10-22 12:24:48] local.ERROR: Please provide a valid cache path. {"exception":"[object] (InvalidArgumentException(code: 0): Please provide a valid cache path. at C:\\Users\\Lenovo\\Desktop\\scratches\\laravel\\sdt_beta\\vendor\\laravel\\framework\\src\\Illuminate\\View\\Compilers\\Compiler.php:36)
[stacktrace]
#0 C:\\Users\\Lenovo\\Desktop\\scratches\\laravel\\sdt_beta\\vendor\\laravel\\framework\\src\\Illuminate\\View\\ViewServiceProvider.php(88): Illuminate\\View\\Compilers\\Compiler->__construct()
#1 C:\\Users\\Lenovo\\Desktop\\scratches\\laravel\\sdt_beta\\vendor\\laravel\\framework\\src\\Illuminate\\Container\\Container.php(873): Illuminate\\View\\ViewServiceProvider->Illuminate\\View\\{closure}()
#2 C:\\Users\\Lenovo\\Desktop\\scratches\\laravel\\sdt_beta\\vendor\\laravel\\framework\\src\\Illuminate\\Container\\Container.php(758): Illuminate\\Container\\Container->build()
#3 C:\\Users\\Lenovo\\Desktop\\scratches\\laravel\\sdt_beta\\vendor\\laravel\\framework\\src\\Illuminate\\Foundation\\Application.php(841): Illuminate\\Container\\Container->resolve()
#4 C:\\Users\\Lenovo\\Desktop\\scratches\\laravel\\sdt_beta\\vendor\\laravel\\framework\\src\\Illuminate\\Container\\Container.php(694): Illuminate\\Foundation\\Application->resolve()
#5 C:\\Users\\Lenovo\\Desktop\\scratches\\laravel\\sdt_beta\\vendor\\laravel\\framework\\src\\Illuminate\\Foundation\\Application.php(826): Illuminate\\Container\\Container->make()
#6 C:\\Users\\Lenovo\\Desktop\\scratches\\laravel\\sdt_beta\\vendor\\laravel\\framework\\src\\Illuminate\\Container\\Container.php(1423): Illuminate\\Foundation\\Application->make()
#7 C:\\Users\\Lenovo\\Desktop\\scratches\\laravel\\sdt_beta\\vendor\\laravel\\framework\\src\\Illuminate\\View\\ViewServiceProvider.php(150): Illuminate\\Container\\Container->offsetGet()
#8 [internal function]: Illuminate\\View\\ViewServiceProvider->Illuminate\\View\\{closure}()
#9 C:\\Users\\Lenovo\\Desktop\\scratches\\laravel\\sdt_beta\\vendor\\laravel\\framework\\src\\Illuminate\\View\\Engines\\EngineResolver.php(55): call_user_func()
#10 C:\\Users\\Lenovo\\Desktop\\scratches\\laravel\\sdt_beta\\vendor\\facade\\ignition\\src\\IgnitionServiceProvider.php(461): Illuminate\\View\\Engines\\EngineResolver->resolve()
#11 C:\\Users\\Lenovo\\Desktop\\scratches\\laravel\\sdt_beta\\vendor\\facade\\ignition\\src\\IgnitionServiceProvider.php(155): Facade\\Ignition\\IgnitionServiceProvider->hasCustomViewEnginesRegistered()
#12 C:\\Users\\Lenovo\\Desktop\\scratches\\laravel\\sdt_beta\\vendor\\facade\\ignition\\src\\IgnitionServiceProvider.php(98): Facade\\Ignition\\IgnitionServiceProvider->registerViewEngines()
#13 C:\\Users\\Lenovo\\Desktop\\scratches\\laravel\\sdt_beta\\vendor\\laravel\\framework\\src\\Illuminate\\Container\\BoundMethod.php(36): Facade\\Ignition\\IgnitionServiceProvider->boot()
#14 C:\\Users\\Lenovo\\Desktop\\scratches\\laravel\\sdt_beta\\vendor\\laravel\\framework\\src\\Illuminate\\Container\\Util.php(40): Illuminate\\Container\\BoundMethod::Illuminate\\Container\\{closure}()
#15 C:\\Users\\Lenovo\\Desktop\\scratches\\laravel\\sdt_beta\\vendor\\laravel\\framework\\src\\Illuminate\\Container\\BoundMethod.php(93): Illuminate\\Container\\Util::unwrapIfClosure()
#16 C:\\Users\\Lenovo\\Desktop\\scratches\\laravel\\sdt_beta\\vendor\\laravel\\framework\\src\\Illuminate\\Container\\BoundMethod.php(37): Illuminate\\Container\\BoundMethod::callBoundMethod()
#17 C:\\Users\\Lenovo\\Desktop\\scratches\\laravel\\sdt_beta\\vendor\\laravel\\framework\\src\\Illuminate\\Container\\Container.php(653): Illuminate\\Container\\BoundMethod::call()
#18 C:\\Users\\Lenovo\\Desktop\\scratches\\laravel\\sdt_beta\\vendor\\laravel\\framework\\src\\Illuminate\\Foundation\\Application.php(914): Illuminate\\Container\\Container->call()
#19 C:\\Users\\Lenovo\\Desktop\\scratches\\laravel\\sdt_beta\\vendor\\laravel\\framework\\src\\Illuminate\\Foundation\\Application.php(895): Illuminate\\Foundation\\Application->bootProvider()
#20 [internal function]: Illuminate\\Foundation\\Application->Illuminate\\Foundation\\{closure}()
#21 C:\\Users\\Lenovo\\Desktop\\scratches\\laravel\\sdt_beta\\vendor\\laravel\\framework\\src\\Illuminate\\Foundation\\Application.php(896): array_walk()
#22 C:\\Users\\Lenovo\\Desktop\\scratches\\laravel\\sdt_beta\\vendor\\laravel\\framework\\src\\Illuminate\\Foundation\\Bootstrap\\BootProviders.php(17): Illuminate\\Foundation\\Application->boot()
#23 C:\\Users\\Lenovo\\Desktop\\scratches\\laravel\\sdt_beta\\vendor\\laravel\\framework\\src\\Illuminate\\Foundation\\Application.php(237): Illuminate\\Foundation\\Bootstrap\\BootProviders->bootstrap()
#24 C:\\Users\\Lenovo\\Desktop\\scratches\\laravel\\sdt_beta\\vendor\\laravel\\framework\\src\\Illuminate\\Foundation\\Console\\Kernel.php(310): Illuminate\\Foundation\\Application->bootstrapWith()
#25 C:\\Users\\Lenovo\\Desktop\\scratches\\laravel\\sdt_beta\\vendor\\laravel\\framework\\src\\Illuminate\\Foundation\\Console\\Kernel.php(127): Illuminate\\Foundation\\Console\\Kernel->bootstrap()
#26 C:\\Users\\Lenovo\\Desktop\\scratches\\laravel\\sdt_beta\\artisan(37): Illuminate\\Foundation\\Console\\Kernel->handle()
#27 {main}
"} 
[2021-10-22 12:24:50] local.ERROR: Please provide a valid cache path. {"exception":"[object] (InvalidArgumentException(code: 0): Please provide a valid cache path. at C:\\Users\\Lenovo\\Desktop\\scratches\\laravel\\sdt_beta\\vendor\\laravel\\framework\\src\\Illuminate\\View\\Compilers\\Compiler.php:36)
[stacktrace]
#0 C:\\Users\\Lenovo\\Desktop\\scratches\\laravel\\sdt_beta\\vendor\\laravel\\framework\\src\\Illuminate\\View\\ViewServiceProvider.php(88): Illuminate\\View\\Compilers\\Compiler->__construct()
#1 C:\\Users\\Lenovo\\Desktop\\scratches\\laravel\\sdt_beta\\vendor\\laravel\\framework\\src\\Illuminate\\Container\\Container.php(873): Illuminate\\View\\ViewServiceProvider->Illuminate\\View\\{closure}()
#2 C:\\Users\\Lenovo\\Desktop\\scratches\\laravel\\sdt_beta\\vendor\\laravel\\framework\\src\\Illuminate\\Container\\Container.php(758): Illuminate\\Container\\Container->build()
#3 C:\\Users\\Lenovo\\Desktop\\scratches\\laravel\\sdt_beta\\vendor\\laravel\\framework\\src\\Illuminate\\Foundation\\Application.php(841): Illuminate\\Container\\Container->resolve()
#4 C:\\Users\\Lenovo\\Desktop\\scratches\\laravel\\sdt_beta\\vendor\\laravel\\framework\\src\\Illuminate\\Container\\Container.php(694): Illuminate\\Foundation\\Application->resolve()
#5 C:\\Users\\Lenovo\\Desktop\\scratches\\laravel\\sdt_beta\\vendor\\laravel\\framework\\src\\Illuminate\\Foundation\\Application.php(826): Illuminate\\Container\\Container->make()
#6 C:\\Users\\Lenovo\\Desktop\\scratches\\laravel\\sdt_beta\\vendor\\laravel\\framework\\src\\Illuminate\\Container\\Container.php(1423): Illuminate\\Foundation\\Application->make()
#7 C:\\Users\\Lenovo\\Desktop\\scratches\\laravel\\sdt_beta\\vendor\\laravel\\framework\\src\\Illuminate\\View\\ViewServiceProvider.php(150): Illuminate\\Container\\Container->offsetGet()
#8 [internal function]: Illuminate\\View\\ViewServiceProvider->Illuminate\\View\\{closure}()
#9 C:\\Users\\Lenovo\\Desktop\\scratches\\laravel\\sdt_beta\\vendor\\laravel\\framework\\src\\Illuminate\\View\\Engines\\EngineResolver.php(55): call_user_func()
#10 C:\\Users\\Lenovo\\Desktop\\scratches\\laravel\\sdt_beta\\vendor\\facade\\ignition\\src\\IgnitionServiceProvider.php(461): Illuminate\\View\\Engines\\EngineResolver->resolve()
#11 C:\\Users\\Lenovo\\Desktop\\scratches\\laravel\\sdt_beta\\vendor\\facade\\ignition\\src\\IgnitionServiceProvider.php(155): Facade\\Ignition\\IgnitionServiceProvider->hasCustomViewEnginesRegistered()
#12 C:\\Users\\Lenovo\\Desktop\\scratches\\laravel\\sdt_beta\\vendor\\facade\\ignition\\src\\IgnitionServiceProvider.php(98): Facade\\Ignition\\IgnitionServiceProvider->registerViewEngines()
#13 C:\\Users\\Lenovo\\Desktop\\scratches\\laravel\\sdt_beta\\vendor\\laravel\\framework\\src\\Illuminate\\Container\\BoundMethod.php(36): Facade\\Ignition\\IgnitionServiceProvider->boot()
#14 C:\\Users\\Lenovo\\Desktop\\scratches\\laravel\\sdt_beta\\vendor\\laravel\\framework\\src\\Illuminate\\Container\\Util.php(40): Illuminate\\Container\\BoundMethod::Illuminate\\Container\\{closure}()
#15 C:\\Users\\Lenovo\\Desktop\\scratches\\laravel\\sdt_beta\\vendor\\laravel\\framework\\src\\Illuminate\\Container\\BoundMethod.php(93): Illuminate\\Container\\Util::unwrapIfClosure()
#16 C:\\Users\\Lenovo\\Desktop\\scratches\\laravel\\sdt_beta\\vendor\\laravel\\framework\\src\\Illuminate\\Container\\BoundMethod.php(37): Illuminate\\Container\\BoundMethod::callBoundMethod()
#17 C:\\Users\\Lenovo\\Desktop\\scratches\\laravel\\sdt_beta\\vendor\\laravel\\framework\\src\\Illuminate\\Container\\Container.php(653): Illuminate\\Container\\BoundMethod::call()
#18 C:\\Users\\Lenovo\\Desktop\\scratches\\laravel\\sdt_beta\\vendor\\laravel\\framework\\src\\Illuminate\\Foundation\\Application.php(914): Illuminate\\Container\\Container->call()
#19 C:\\Users\\Lenovo\\Desktop\\scratches\\laravel\\sdt_beta\\vendor\\laravel\\framework\\src\\Illuminate\\Foundation\\Application.php(895): Illuminate\\Foundation\\Application->bootProvider()
#20 [internal function]: Illuminate\\Foundation\\Application->Illuminate\\Foundation\\{closure}()
#21 C:\\Users\\Lenovo\\Desktop\\scratches\\laravel\\sdt_beta\\vendor\\laravel\\framework\\src\\Illuminate\\Foundation\\Application.php(896): array_walk()
#22 C:\\Users\\Lenovo\\Desktop\\scratches\\laravel\\sdt_beta\\vendor\\laravel\\framework\\src\\Illuminate\\Foundation\\Bootstrap\\BootProviders.php(17): Illuminate\\Foundation\\Application->boot()
#23 C:\\Users\\Lenovo\\Desktop\\scratches\\laravel\\sdt_beta\\vendor\\laravel\\framework\\src\\Illuminate\\Foundation\\Application.php(237): Illuminate\\Foundation\\Bootstrap\\BootProviders->bootstrap()
#24 C:\\Users\\Lenovo\\Desktop\\scratches\\laravel\\sdt_beta\\vendor\\laravel\\framework\\src\\Illuminate\\Foundation\\Console\\Kernel.php(310): Illuminate\\Foundation\\Application->bootstrapWith()
#25 C:\\Users\\Lenovo\\Desktop\\scratches\\laravel\\sdt_beta\\vendor\\laravel\\framework\\src\\Illuminate\\Foundation\\Console\\Kernel.php(127): Illuminate\\Foundation\\Console\\Kernel->bootstrap()
#26 C:\\Users\\Lenovo\\Desktop\\scratches\\laravel\\sdt_beta\\artisan(37): Illuminate\\Foundation\\Console\\Kernel->handle()
#27 {main}
"} 
[2021-10-22 12:24:51] local.ERROR: Please provide a valid cache path. {"exception":"[object] (InvalidArgumentException(code: 0): Please provide a valid cache path. at C:\\Users\\Lenovo\\Desktop\\scratches\\laravel\\sdt_beta\\vendor\\laravel\\framework\\src\\Illuminate\\View\\Compilers\\Compiler.php:36)
[stacktrace]
#0 C:\\Users\\Lenovo\\Desktop\\scratches\\laravel\\sdt_beta\\vendor\\laravel\\framework\\src\\Illuminate\\View\\ViewServiceProvider.php(88): Illuminate\\View\\Compilers\\Compiler->__construct()
#1 C:\\Users\\Lenovo\\Desktop\\scratches\\laravel\\sdt_beta\\vendor\\laravel\\framework\\src\\Illuminate\\Container\\Container.php(873): Illuminate\\View\\ViewServiceProvider->Illuminate\\View\\{closure}()
#2 C:\\Users\\Lenovo\\Desktop\\scratches\\laravel\\sdt_beta\\vendor\\laravel\\framework\\src\\Illuminate\\Container\\Container.php(758): Illuminate\\Container\\Container->build()
#3 C:\\Users\\Lenovo\\Desktop\\scratches\\laravel\\sdt_beta\\vendor\\laravel\\framework\\src\\Illuminate\\Foundation\\Application.php(841): Illuminate\\Container\\Container->resolve()
#4 C:\\Users\\Lenovo\\Desktop\\scratches\\laravel\\sdt_beta\\vendor\\laravel\\framework\\src\\Illuminate\\Container\\Container.php(694): Illuminate\\Foundation\\Application->resolve()
#5 C:\\Users\\Lenovo\\Desktop\\scratches\\laravel\\sdt_beta\\vendor\\laravel\\framework\\src\\Illuminate\\Foundation\\Application.php(826): Illuminate\\Container\\Container->make()
#6 C:\\Users\\Lenovo\\Desktop\\scratches\\laravel\\sdt_beta\\vendor\\laravel\\framework\\src\\Illuminate\\Container\\Container.php(1423): Illuminate\\Foundation\\Application->make()
#7 C:\\Users\\Lenovo\\Desktop\\scratches\\laravel\\sdt_beta\\vendor\\laravel\\framework\\src\\Illuminate\\View\\ViewServiceProvider.php(150): Illuminate\\Container\\Container->offsetGet()
#8 [internal function]: Illuminate\\View\\ViewServiceProvider->Illuminate\\View\\{closure}()
#9 C:\\Users\\Lenovo\\Desktop\\scratches\\laravel\\sdt_beta\\vendor\\laravel\\framework\\src\\Illuminate\\View\\Engines\\EngineResolver.php(55): call_user_func()
#10 C:\\Users\\Lenovo\\Desktop\\scratches\\laravel\\sdt_beta\\vendor\\facade\\ignition\\src\\IgnitionServiceProvider.php(461): Illuminate\\View\\Engines\\EngineResolver->resolve()
#11 C:\\Users\\Lenovo\\Desktop\\scratches\\laravel\\sdt_beta\\vendor\\facade\\ignition\\src\\IgnitionServiceProvider.php(155): Facade\\Ignition\\IgnitionServiceProvider->hasCustomViewEnginesRegistered()
#12 C:\\Users\\Lenovo\\Desktop\\scratches\\laravel\\sdt_beta\\vendor\\facade\\ignition\\src\\IgnitionServiceProvider.php(98): Facade\\Ignition\\IgnitionServiceProvider->registerViewEngines()
#13 C:\\Users\\Lenovo\\Desktop\\scratches\\laravel\\sdt_beta\\vendor\\laravel\\framework\\src\\Illuminate\\Container\\BoundMethod.php(36): Facade\\Ignition\\IgnitionServiceProvider->boot()
#14 C:\\Users\\Lenovo\\Desktop\\scratches\\laravel\\sdt_beta\\vendor\\laravel\\framework\\src\\Illuminate\\Container\\Util.php(40): Illuminate\\Container\\BoundMethod::Illuminate\\Container\\{closure}()
#15 C:\\Users\\Lenovo\\Desktop\\scratches\\laravel\\sdt_beta\\vendor\\laravel\\framework\\src\\Illuminate\\Container\\BoundMethod.php(93): Illuminate\\Container\\Util::unwrapIfClosure()
#16 C:\\Users\\Lenovo\\Desktop\\scratches\\laravel\\sdt_beta\\vendor\\laravel\\framework\\src\\Illuminate\\Container\\BoundMethod.php(37): Illuminate\\Container\\BoundMethod::callBoundMethod()
#17 C:\\Users\\Lenovo\\Desktop\\scratches\\laravel\\sdt_beta\\vendor\\laravel\\framework\\src\\Illuminate\\Container\\Container.php(653): Illuminate\\Container\\BoundMethod::call()
#18 C:\\Users\\Lenovo\\Desktop\\scratches\\laravel\\sdt_beta\\vendor\\laravel\\framework\\src\\Illuminate\\Foundation\\Application.php(914): Illuminate\\Container\\Container->call()
#19 C:\\Users\\Lenovo\\Desktop\\scratches\\laravel\\sdt_beta\\vendor\\laravel\\framework\\src\\Illuminate\\Foundation\\Application.php(895): Illuminate\\Foundation\\Application->bootProvider()
#20 [internal function]: Illuminate\\Foundation\\Application->Illuminate\\Foundation\\{closure}()
#21 C:\\Users\\Lenovo\\Desktop\\scratches\\laravel\\sdt_beta\\vendor\\laravel\\framework\\src\\Illuminate\\Foundation\\Application.php(896): array_walk()
#22 C:\\Users\\Lenovo\\Desktop\\scratches\\laravel\\sdt_beta\\vendor\\laravel\\framework\\src\\Illuminate\\Foundation\\Bootstrap\\BootProviders.php(17): Illuminate\\Foundation\\Application->boot()
#23 C:\\Users\\Lenovo\\Desktop\\scratches\\laravel\\sdt_beta\\vendor\\laravel\\framework\\src\\Illuminate\\Foundation\\Application.php(237): Illuminate\\Foundation\\Bootstrap\\BootProviders->bootstrap()
#24 C:\\Users\\Lenovo\\Desktop\\scratches\\laravel\\sdt_beta\\vendor\\laravel\\framework\\src\\Illuminate\\Foundation\\Console\\Kernel.php(310): Illuminate\\Foundation\\Application->bootstrapWith()
#25 C:\\Users\\Lenovo\\Desktop\\scratches\\laravel\\sdt_beta\\vendor\\laravel\\framework\\src\\Illuminate\\Foundation\\Console\\Kernel.php(127): Illuminate\\Foundation\\Console\\Kernel->bootstrap()
#26 C:\\Users\\Lenovo\\Desktop\\scratches\\laravel\\sdt_beta\\artisan(37): Illuminate\\Foundation\\Console\\Kernel->handle()
#27 {main}
"} 
[2021-10-22 12:25:13] local.ERROR: Please provide a valid cache path. {"exception":"[object] (InvalidArgumentException(code: 0): Please provide a valid cache path. at C:\\Users\\Lenovo\\Desktop\\scratches\\laravel\\sdt_beta\\vendor\\laravel\\framework\\src\\Illuminate\\View\\Compilers\\Compiler.php:36)
[stacktrace]
#0 C:\\Users\\Lenovo\\Desktop\\scratches\\laravel\\sdt_beta\\vendor\\laravel\\framework\\src\\Illuminate\\View\\ViewServiceProvider.php(88): Illuminate\\View\\Compilers\\Compiler->__construct()
#1 C:\\Users\\Lenovo\\Desktop\\scratches\\laravel\\sdt_beta\\vendor\\laravel\\framework\\src\\Illuminate\\Container\\Container.php(873): Illuminate\\View\\ViewServiceProvider->Illuminate\\View\\{closure}()
#2 C:\\Users\\Lenovo\\Desktop\\scratches\\laravel\\sdt_beta\\vendor\\laravel\\framework\\src\\Illuminate\\Container\\Container.php(758): Illuminate\\Container\\Container->build()
#3 C:\\Users\\Lenovo\\Desktop\\scratches\\laravel\\sdt_beta\\vendor\\laravel\\framework\\src\\Illuminate\\Foundation\\Application.php(841): Illuminate\\Container\\Container->resolve()
#4 C:\\Users\\Lenovo\\Desktop\\scratches\\laravel\\sdt_beta\\vendor\\laravel\\framework\\src\\Illuminate\\Container\\Container.php(694): Illuminate\\Foundation\\Application->resolve()
#5 C:\\Users\\Lenovo\\Desktop\\scratches\\laravel\\sdt_beta\\vendor\\laravel\\framework\\src\\Illuminate\\Foundation\\Application.php(826): Illuminate\\Container\\Container->make()
#6 C:\\Users\\Lenovo\\Desktop\\scratches\\laravel\\sdt_beta\\vendor\\laravel\\framework\\src\\Illuminate\\Container\\Container.php(1423): Illuminate\\Foundation\\Application->make()
#7 C:\\Users\\Lenovo\\Desktop\\scratches\\laravel\\sdt_beta\\vendor\\laravel\\framework\\src\\Illuminate\\View\\ViewServiceProvider.php(150): Illuminate\\Container\\Container->offsetGet()
#8 [internal function]: Illuminate\\View\\ViewServiceProvider->Illuminate\\View\\{closure}()
#9 C:\\Users\\Lenovo\\Desktop\\scratches\\laravel\\sdt_beta\\vendor\\laravel\\framework\\src\\Illuminate\\View\\Engines\\EngineResolver.php(55): call_user_func()
#10 C:\\Users\\Lenovo\\Desktop\\scratches\\laravel\\sdt_beta\\vendor\\facade\\ignition\\src\\IgnitionServiceProvider.php(461): Illuminate\\View\\Engines\\EngineResolver->resolve()
#11 C:\\Users\\Lenovo\\Desktop\\scratches\\laravel\\sdt_beta\\vendor\\facade\\ignition\\src\\IgnitionServiceProvider.php(155): Facade\\Ignition\\IgnitionServiceProvider->hasCustomViewEnginesRegistered()
#12 C:\\Users\\Lenovo\\Desktop\\scratches\\laravel\\sdt_beta\\vendor\\facade\\ignition\\src\\IgnitionServiceProvider.php(98): Facade\\Ignition\\IgnitionServiceProvider->registerViewEngines()
#13 C:\\Users\\Lenovo\\Desktop\\scratches\\laravel\\sdt_beta\\vendor\\laravel\\framework\\src\\Illuminate\\Container\\BoundMethod.php(36): Facade\\Ignition\\IgnitionServiceProvider->boot()
#14 C:\\Users\\Lenovo\\Desktop\\scratches\\laravel\\sdt_beta\\vendor\\laravel\\framework\\src\\Illuminate\\Container\\Util.php(40): Illuminate\\Container\\BoundMethod::Illuminate\\Container\\{closure}()
#15 C:\\Users\\Lenovo\\Desktop\\scratches\\laravel\\sdt_beta\\vendor\\laravel\\framework\\src\\Illuminate\\Container\\BoundMethod.php(93): Illuminate\\Container\\Util::unwrapIfClosure()
#16 C:\\Users\\Lenovo\\Desktop\\scratches\\laravel\\sdt_beta\\vendor\\laravel\\framework\\src\\Illuminate\\Container\\BoundMethod.php(37): Illuminate\\Container\\BoundMethod::callBoundMethod()
#17 C:\\Users\\Lenovo\\Desktop\\scratches\\laravel\\sdt_beta\\vendor\\laravel\\framework\\src\\Illuminate\\Container\\Container.php(653): Illuminate\\Container\\BoundMethod::call()
#18 C:\\Users\\Lenovo\\Desktop\\scratches\\laravel\\sdt_beta\\vendor\\laravel\\framework\\src\\Illuminate\\Foundation\\Application.php(914): Illuminate\\Container\\Container->call()
#19 C:\\Users\\Lenovo\\Desktop\\scratches\\laravel\\sdt_beta\\vendor\\laravel\\framework\\src\\Illuminate\\Foundation\\Application.php(895): Illuminate\\Foundation\\Application->bootProvider()
#20 [internal function]: Illuminate\\Foundation\\Application->Illuminate\\Foundation\\{closure}()
#21 C:\\Users\\Lenovo\\Desktop\\scratches\\laravel\\sdt_beta\\vendor\\laravel\\framework\\src\\Illuminate\\Foundation\\Application.php(896): array_walk()
#22 C:\\Users\\Lenovo\\Desktop\\scratches\\laravel\\sdt_beta\\vendor\\laravel\\framework\\src\\Illuminate\\Foundation\\Bootstrap\\BootProviders.php(17): Illuminate\\Foundation\\Application->boot()
#23 C:\\Users\\Lenovo\\Desktop\\scratches\\laravel\\sdt_beta\\vendor\\laravel\\framework\\src\\Illuminate\\Foundation\\Application.php(237): Illuminate\\Foundation\\Bootstrap\\BootProviders->bootstrap()
#24 C:\\Users\\Lenovo\\Desktop\\scratches\\laravel\\sdt_beta\\vendor\\laravel\\framework\\src\\Illuminate\\Foundation\\Console\\Kernel.php(310): Illuminate\\Foundation\\Application->bootstrapWith()
#25 C:\\Users\\Lenovo\\Desktop\\scratches\\laravel\\sdt_beta\\vendor\\laravel\\framework\\src\\Illuminate\\Foundation\\Console\\Kernel.php(127): Illuminate\\Foundation\\Console\\Kernel->bootstrap()
#26 C:\\Users\\Lenovo\\Desktop\\scratches\\laravel\\sdt_beta\\artisan(37): Illuminate\\Foundation\\Console\\Kernel->handle()
#27 {main}
"} 
[2021-10-22 12:25:37] local.ERROR: Please provide a valid cache path. {"exception":"[object] (InvalidArgumentException(code: 0): Please provide a valid cache path. at C:\\Users\\Lenovo\\Desktop\\scratches\\laravel\\sdt_beta\\vendor\\laravel\\framework\\src\\Illuminate\\View\\Compilers\\Compiler.php:36)
[stacktrace]
#0 C:\\Users\\Lenovo\\Desktop\\scratches\\laravel\\sdt_beta\\vendor\\laravel\\framework\\src\\Illuminate\\View\\ViewServiceProvider.php(88): Illuminate\\View\\Compilers\\Compiler->__construct()
#1 C:\\Users\\Lenovo\\Desktop\\scratches\\laravel\\sdt_beta\\vendor\\laravel\\framework\\src\\Illuminate\\Container\\Container.php(873): Illuminate\\View\\ViewServiceProvider->Illuminate\\View\\{closure}()
#2 C:\\Users\\Lenovo\\Desktop\\scratches\\laravel\\sdt_beta\\vendor\\laravel\\framework\\src\\Illuminate\\Container\\Container.php(758): Illuminate\\Container\\Container->build()
#3 C:\\Users\\Lenovo\\Desktop\\scratches\\laravel\\sdt_beta\\vendor\\laravel\\framework\\src\\Illuminate\\Foundation\\Application.php(841): Illuminate\\Container\\Container->resolve()
#4 C:\\Users\\Lenovo\\Desktop\\scratches\\laravel\\sdt_beta\\vendor\\laravel\\framework\\src\\Illuminate\\Container\\Container.php(694): Illuminate\\Foundation\\Application->resolve()
#5 C:\\Users\\Lenovo\\Desktop\\scratches\\laravel\\sdt_beta\\vendor\\laravel\\framework\\src\\Illuminate\\Foundation\\Application.php(826): Illuminate\\Container\\Container->make()
#6 C:\\Users\\Lenovo\\Desktop\\scratches\\laravel\\sdt_beta\\vendor\\laravel\\framework\\src\\Illuminate\\Container\\Container.php(1423): Illuminate\\Foundation\\Application->make()
#7 C:\\Users\\Lenovo\\Desktop\\scratches\\laravel\\sdt_beta\\vendor\\laravel\\framework\\src\\Illuminate\\View\\ViewServiceProvider.php(150): Illuminate\\Container\\Container->offsetGet()
#8 [internal function]: Illuminate\\View\\ViewServiceProvider->Illuminate\\View\\{closure}()
#9 C:\\Users\\Lenovo\\Desktop\\scratches\\laravel\\sdt_beta\\vendor\\laravel\\framework\\src\\Illuminate\\View\\Engines\\EngineResolver.php(55): call_user_func()
#10 C:\\Users\\Lenovo\\Desktop\\scratches\\laravel\\sdt_beta\\vendor\\facade\\ignition\\src\\IgnitionServiceProvider.php(461): Illuminate\\View\\Engines\\EngineResolver->resolve()
#11 C:\\Users\\Lenovo\\Desktop\\scratches\\laravel\\sdt_beta\\vendor\\facade\\ignition\\src\\IgnitionServiceProvider.php(155): Facade\\Ignition\\IgnitionServiceProvider->hasCustomViewEnginesRegistered()
#12 C:\\Users\\Lenovo\\Desktop\\scratches\\laravel\\sdt_beta\\vendor\\facade\\ignition\\src\\IgnitionServiceProvider.php(98): Facade\\Ignition\\IgnitionServiceProvider->registerViewEngines()
#13 C:\\Users\\Lenovo\\Desktop\\scratches\\laravel\\sdt_beta\\vendor\\laravel\\framework\\src\\Illuminate\\Container\\BoundMethod.php(36): Facade\\Ignition\\IgnitionServiceProvider->boot()
#14 C:\\Users\\Lenovo\\Desktop\\scratches\\laravel\\sdt_beta\\vendor\\laravel\\framework\\src\\Illuminate\\Container\\Util.php(40): Illuminate\\Container\\BoundMethod::Illuminate\\Container\\{closure}()
#15 C:\\Users\\Lenovo\\Desktop\\scratches\\laravel\\sdt_beta\\vendor\\laravel\\framework\\src\\Illuminate\\Container\\BoundMethod.php(93): Illuminate\\Container\\Util::unwrapIfClosure()
#16 C:\\Users\\Lenovo\\Desktop\\scratches\\laravel\\sdt_beta\\vendor\\laravel\\framework\\src\\Illuminate\\Container\\BoundMethod.php(37): Illuminate\\Container\\BoundMethod::callBoundMethod()
#17 C:\\Users\\Lenovo\\Desktop\\scratches\\laravel\\sdt_beta\\vendor\\laravel\\framework\\src\\Illuminate\\Container\\Container.php(653): Illuminate\\Container\\BoundMethod::call()
#18 C:\\Users\\Lenovo\\Desktop\\scratches\\laravel\\sdt_beta\\vendor\\laravel\\framework\\src\\Illuminate\\Foundation\\Application.php(914): Illuminate\\Container\\Container->call()
#19 C:\\Users\\Lenovo\\Desktop\\scratches\\laravel\\sdt_beta\\vendor\\laravel\\framework\\src\\Illuminate\\Foundation\\Application.php(895): Illuminate\\Foundation\\Application->bootProvider()
#20 [internal function]: Illuminate\\Foundation\\Application->Illuminate\\Foundation\\{closure}()
#21 C:\\Users\\Lenovo\\Desktop\\scratches\\laravel\\sdt_beta\\vendor\\laravel\\framework\\src\\Illuminate\\Foundation\\Application.php(896): array_walk()
#22 C:\\Users\\Lenovo\\Desktop\\scratches\\laravel\\sdt_beta\\vendor\\laravel\\framework\\src\\Illuminate\\Foundation\\Bootstrap\\BootProviders.php(17): Illuminate\\Foundation\\Application->boot()
#23 C:\\Users\\Lenovo\\Desktop\\scratches\\laravel\\sdt_beta\\vendor\\laravel\\framework\\src\\Illuminate\\Foundation\\Application.php(237): Illuminate\\Foundation\\Bootstrap\\BootProviders->bootstrap()
#24 C:\\Users\\Lenovo\\Desktop\\scratches\\laravel\\sdt_beta\\vendor\\laravel\\framework\\src\\Illuminate\\Foundation\\Console\\Kernel.php(310): Illuminate\\Foundation\\Application->bootstrapWith()
#25 C:\\Users\\Lenovo\\Desktop\\scratches\\laravel\\sdt_beta\\vendor\\laravel\\framework\\src\\Illuminate\\Foundation\\Console\\Kernel.php(127): Illuminate\\Foundation\\Console\\Kernel->bootstrap()
#26 Command line code(1): Illuminate\\Foundation\\Console\\Kernel->handle()
#27 {main}
"} 
[2021-10-22 12:25:37] local.ERROR: Please provide a valid cache path. {"exception":"[object] (InvalidArgumentException(code: 0): Please provide a valid cache path. at C:\\Users\\Lenovo\\Desktop\\scratches\\laravel\\sdt_beta\\vendor\\laravel\\framework\\src\\Illuminate\\View\\Compilers\\Compiler.php:36)
[stacktrace]
#0 C:\\Users\\Lenovo\\Desktop\\scratches\\laravel\\sdt_beta\\vendor\\laravel\\framework\\src\\Illuminate\\View\\ViewServiceProvider.php(88): Illuminate\\View\\Compilers\\Compiler->__construct()
#1 C:\\Users\\Lenovo\\Desktop\\scratches\\laravel\\sdt_beta\\vendor\\laravel\\framework\\src\\Illuminate\\Container\\Container.php(873): Illuminate\\View\\ViewServiceProvider->Illuminate\\View\\{closure}()
#2 C:\\Users\\Lenovo\\Desktop\\scratches\\laravel\\sdt_beta\\vendor\\laravel\\framework\\src\\Illuminate\\Container\\Container.php(758): Illuminate\\Container\\Container->build()
#3 C:\\Users\\Lenovo\\Desktop\\scratches\\laravel\\sdt_beta\\vendor\\laravel\\framework\\src\\Illuminate\\Foundation\\Application.php(841): Illuminate\\Container\\Container->resolve()
#4 C:\\Users\\Lenovo\\Desktop\\scratches\\laravel\\sdt_beta\\vendor\\laravel\\framework\\src\\Illuminate\\Container\\Container.php(694): Illuminate\\Foundation\\Application->resolve()
#5 C:\\Users\\Lenovo\\Desktop\\scratches\\laravel\\sdt_beta\\vendor\\laravel\\framework\\src\\Illuminate\\Foundation\\Application.php(826): Illuminate\\Container\\Container->make()
#6 C:\\Users\\Lenovo\\Desktop\\scratches\\laravel\\sdt_beta\\vendor\\laravel\\framework\\src\\Illuminate\\Container\\Container.php(1423): Illuminate\\Foundation\\Application->make()
#7 C:\\Users\\Lenovo\\Desktop\\scratches\\laravel\\sdt_beta\\vendor\\laravel\\framework\\src\\Illuminate\\View\\ViewServiceProvider.php(150): Illuminate\\Container\\Container->offsetGet()
#8 [internal function]: Illuminate\\View\\ViewServiceProvider->Illuminate\\View\\{closure}()
#9 C:\\Users\\Lenovo\\Desktop\\scratches\\laravel\\sdt_beta\\vendor\\laravel\\framework\\src\\Illuminate\\View\\Engines\\EngineResolver.php(55): call_user_func()
#10 C:\\Users\\Lenovo\\Desktop\\scratches\\laravel\\sdt_beta\\vendor\\facade\\ignition\\src\\IgnitionServiceProvider.php(461): Illuminate\\View\\Engines\\EngineResolver->resolve()
#11 C:\\Users\\Lenovo\\Desktop\\scratches\\laravel\\sdt_beta\\vendor\\facade\\ignition\\src\\IgnitionServiceProvider.php(155): Facade\\Ignition\\IgnitionServiceProvider->hasCustomViewEnginesRegistered()
#12 C:\\Users\\Lenovo\\Desktop\\scratches\\laravel\\sdt_beta\\vendor\\facade\\ignition\\src\\IgnitionServiceProvider.php(98): Facade\\Ignition\\IgnitionServiceProvider->registerViewEngines()
#13 C:\\Users\\Lenovo\\Desktop\\scratches\\laravel\\sdt_beta\\vendor\\laravel\\framework\\src\\Illuminate\\Container\\BoundMethod.php(36): Facade\\Ignition\\IgnitionServiceProvider->boot()
#14 C:\\Users\\Lenovo\\Desktop\\scratches\\laravel\\sdt_beta\\vendor\\laravel\\framework\\src\\Illuminate\\Container\\Util.php(40): Illuminate\\Container\\BoundMethod::Illuminate\\Container\\{closure}()
#15 C:\\Users\\Lenovo\\Desktop\\scratches\\laravel\\sdt_beta\\vendor\\laravel\\framework\\src\\Illuminate\\Container\\BoundMethod.php(93): Illuminate\\Container\\Util::unwrapIfClosure()
#16 C:\\Users\\Lenovo\\Desktop\\scratches\\laravel\\sdt_beta\\vendor\\laravel\\framework\\src\\Illuminate\\Container\\BoundMethod.php(37): Illuminate\\Container\\BoundMethod::callBoundMethod()
#17 C:\\Users\\Lenovo\\Desktop\\scratches\\laravel\\sdt_beta\\vendor\\laravel\\framework\\src\\Illuminate\\Container\\Container.php(653): Illuminate\\Container\\BoundMethod::call()
#18 C:\\Users\\Lenovo\\Desktop\\scratches\\laravel\\sdt_beta\\vendor\\laravel\\framework\\src\\Illuminate\\Foundation\\Application.php(914): Illuminate\\Container\\Container->call()
#19 C:\\Users\\Lenovo\\Desktop\\scratches\\laravel\\sdt_beta\\vendor\\laravel\\framework\\src\\Illuminate\\Foundation\\Application.php(895): Illuminate\\Foundation\\Application->bootProvider()
#20 [internal function]: Illuminate\\Foundation\\Application->Illuminate\\Foundation\\{closure}()
#21 C:\\Users\\Lenovo\\Desktop\\scratches\\laravel\\sdt_beta\\vendor\\laravel\\framework\\src\\Illuminate\\Foundation\\Application.php(896): array_walk()
#22 C:\\Users\\Lenovo\\Desktop\\scratches\\laravel\\sdt_beta\\vendor\\laravel\\framework\\src\\Illuminate\\Foundation\\Bootstrap\\BootProviders.php(17): Illuminate\\Foundation\\Application->boot()
#23 C:\\Users\\Lenovo\\Desktop\\scratches\\laravel\\sdt_beta\\vendor\\laravel\\framework\\src\\Illuminate\\Foundation\\Application.php(237): Illuminate\\Foundation\\Bootstrap\\BootProviders->bootstrap()
#24 C:\\Users\\Lenovo\\Desktop\\scratches\\laravel\\sdt_beta\\vendor\\laravel\\framework\\src\\Illuminate\\Foundation\\Console\\Kernel.php(310): Illuminate\\Foundation\\Application->bootstrapWith()
#25 C:\\Users\\Lenovo\\Desktop\\scratches\\laravel\\sdt_beta\\vendor\\laravel\\framework\\src\\Illuminate\\Foundation\\Console\\Kernel.php(127): Illuminate\\Foundation\\Console\\Kernel->bootstrap()
#26 Command line code(1): Illuminate\\Foundation\\Console\\Kernel->handle()
#27 {main}
"} 
[2021-10-22 12:25:45] local.ERROR: Please provide a valid cache path. {"exception":"[object] (InvalidArgumentException(code: 0): Please provide a valid cache path. at C:\\Users\\Lenovo\\Desktop\\scratches\\laravel\\sdt_beta\\vendor\\laravel\\framework\\src\\Illuminate\\View\\Compilers\\Compiler.php:36)
[stacktrace]
#0 C:\\Users\\Lenovo\\Desktop\\scratches\\laravel\\sdt_beta\\vendor\\laravel\\framework\\src\\Illuminate\\View\\ViewServiceProvider.php(88): Illuminate\\View\\Compilers\\Compiler->__construct()
#1 C:\\Users\\Lenovo\\Desktop\\scratches\\laravel\\sdt_beta\\vendor\\laravel\\framework\\src\\Illuminate\\Container\\Container.php(873): Illuminate\\View\\ViewServiceProvider->Illuminate\\View\\{closure}()
#2 C:\\Users\\Lenovo\\Desktop\\scratches\\laravel\\sdt_beta\\vendor\\laravel\\framework\\src\\Illuminate\\Container\\Container.php(758): Illuminate\\Container\\Container->build()
#3 C:\\Users\\Lenovo\\Desktop\\scratches\\laravel\\sdt_beta\\vendor\\laravel\\framework\\src\\Illuminate\\Foundation\\Application.php(841): Illuminate\\Container\\Container->resolve()
#4 C:\\Users\\Lenovo\\Desktop\\scratches\\laravel\\sdt_beta\\vendor\\laravel\\framework\\src\\Illuminate\\Container\\Container.php(694): Illuminate\\Foundation\\Application->resolve()
#5 C:\\Users\\Lenovo\\Desktop\\scratches\\laravel\\sdt_beta\\vendor\\laravel\\framework\\src\\Illuminate\\Foundation\\Application.php(826): Illuminate\\Container\\Container->make()
#6 C:\\Users\\Lenovo\\Desktop\\scratches\\laravel\\sdt_beta\\vendor\\laravel\\framework\\src\\Illuminate\\Container\\Container.php(1423): Illuminate\\Foundation\\Application->make()
#7 C:\\Users\\Lenovo\\Desktop\\scratches\\laravel\\sdt_beta\\vendor\\laravel\\framework\\src\\Illuminate\\View\\ViewServiceProvider.php(150): Illuminate\\Container\\Container->offsetGet()
#8 [internal function]: Illuminate\\View\\ViewServiceProvider->Illuminate\\View\\{closure}()
#9 C:\\Users\\Lenovo\\Desktop\\scratches\\laravel\\sdt_beta\\vendor\\laravel\\framework\\src\\Illuminate\\View\\Engines\\EngineResolver.php(55): call_user_func()
#10 C:\\Users\\Lenovo\\Desktop\\scratches\\laravel\\sdt_beta\\vendor\\facade\\ignition\\src\\IgnitionServiceProvider.php(461): Illuminate\\View\\Engines\\EngineResolver->resolve()
#11 C:\\Users\\Lenovo\\Desktop\\scratches\\laravel\\sdt_beta\\vendor\\facade\\ignition\\src\\IgnitionServiceProvider.php(155): Facade\\Ignition\\IgnitionServiceProvider->hasCustomViewEnginesRegistered()
#12 C:\\Users\\Lenovo\\Desktop\\scratches\\laravel\\sdt_beta\\vendor\\facade\\ignition\\src\\IgnitionServiceProvider.php(98): Facade\\Ignition\\IgnitionServiceProvider->registerViewEngines()
#13 C:\\Users\\Lenovo\\Desktop\\scratches\\laravel\\sdt_beta\\vendor\\laravel\\framework\\src\\Illuminate\\Container\\BoundMethod.php(36): Facade\\Ignition\\IgnitionServiceProvider->boot()
#14 C:\\Users\\Lenovo\\Desktop\\scratches\\laravel\\sdt_beta\\vendor\\laravel\\framework\\src\\Illuminate\\Container\\Util.php(40): Illuminate\\Container\\BoundMethod::Illuminate\\Container\\{closure}()
#15 C:\\Users\\Lenovo\\Desktop\\scratches\\laravel\\sdt_beta\\vendor\\laravel\\framework\\src\\Illuminate\\Container\\BoundMethod.php(93): Illuminate\\Container\\Util::unwrapIfClosure()
#16 C:\\Users\\Lenovo\\Desktop\\scratches\\laravel\\sdt_beta\\vendor\\laravel\\framework\\src\\Illuminate\\Container\\BoundMethod.php(37): Illuminate\\Container\\BoundMethod::callBoundMethod()
#17 C:\\Users\\Lenovo\\Desktop\\scratches\\laravel\\sdt_beta\\vendor\\laravel\\framework\\src\\Illuminate\\Container\\Container.php(653): Illuminate\\Container\\BoundMethod::call()
#18 C:\\Users\\Lenovo\\Desktop\\scratches\\laravel\\sdt_beta\\vendor\\laravel\\framework\\src\\Illuminate\\Foundation\\Application.php(914): Illuminate\\Container\\Container->call()
#19 C:\\Users\\Lenovo\\Desktop\\scratches\\laravel\\sdt_beta\\vendor\\laravel\\framework\\src\\Illuminate\\Foundation\\Application.php(895): Illuminate\\Foundation\\Application->bootProvider()
#20 [internal function]: Illuminate\\Foundation\\Application->Illuminate\\Foundation\\{closure}()
#21 C:\\Users\\Lenovo\\Desktop\\scratches\\laravel\\sdt_beta\\vendor\\laravel\\framework\\src\\Illuminate\\Foundation\\Application.php(896): array_walk()
#22 C:\\Users\\Lenovo\\Desktop\\scratches\\laravel\\sdt_beta\\vendor\\laravel\\framework\\src\\Illuminate\\Foundation\\Bootstrap\\BootProviders.php(17): Illuminate\\Foundation\\Application->boot()
#23 C:\\Users\\Lenovo\\Desktop\\scratches\\laravel\\sdt_beta\\vendor\\laravel\\framework\\src\\Illuminate\\Foundation\\Application.php(237): Illuminate\\Foundation\\Bootstrap\\BootProviders->bootstrap()
#24 C:\\Users\\Lenovo\\Desktop\\scratches\\laravel\\sdt_beta\\vendor\\laravel\\framework\\src\\Illuminate\\Foundation\\Console\\Kernel.php(310): Illuminate\\Foundation\\Application->bootstrapWith()
#25 C:\\Users\\Lenovo\\Desktop\\scratches\\laravel\\sdt_beta\\vendor\\laravel\\framework\\src\\Illuminate\\Foundation\\Console\\Kernel.php(127): Illuminate\\Foundation\\Console\\Kernel->bootstrap()
#26 Command line code(1): Illuminate\\Foundation\\Console\\Kernel->handle()
#27 {main}
"} 
[2021-10-22 12:25:57] local.ERROR: Please provide a valid cache path. {"exception":"[object] (InvalidArgumentException(code: 0): Please provide a valid cache path. at C:\\Users\\Lenovo\\Desktop\\scratches\\laravel\\sdt_beta\\vendor\\laravel\\framework\\src\\Illuminate\\View\\Compilers\\Compiler.php:36)
[stacktrace]
#0 C:\\Users\\Lenovo\\Desktop\\scratches\\laravel\\sdt_beta\\vendor\\laravel\\framework\\src\\Illuminate\\View\\ViewServiceProvider.php(88): Illuminate\\View\\Compilers\\Compiler->__construct()
#1 C:\\Users\\Lenovo\\Desktop\\scratches\\laravel\\sdt_beta\\vendor\\laravel\\framework\\src\\Illuminate\\Container\\Container.php(873): Illuminate\\View\\ViewServiceProvider->Illuminate\\View\\{closure}()
#2 C:\\Users\\Lenovo\\Desktop\\scratches\\laravel\\sdt_beta\\vendor\\laravel\\framework\\src\\Illuminate\\Container\\Container.php(758): Illuminate\\Container\\Container->build()
#3 C:\\Users\\Lenovo\\Desktop\\scratches\\laravel\\sdt_beta\\vendor\\laravel\\framework\\src\\Illuminate\\Foundation\\Application.php(841): Illuminate\\Container\\Container->resolve()
#4 C:\\Users\\Lenovo\\Desktop\\scratches\\laravel\\sdt_beta\\vendor\\laravel\\framework\\src\\Illuminate\\Container\\Container.php(694): Illuminate\\Foundation\\Application->resolve()
#5 C:\\Users\\Lenovo\\Desktop\\scratches\\laravel\\sdt_beta\\vendor\\laravel\\framework\\src\\Illuminate\\Foundation\\Application.php(826): Illuminate\\Container\\Container->make()
#6 C:\\Users\\Lenovo\\Desktop\\scratches\\laravel\\sdt_beta\\vendor\\laravel\\framework\\src\\Illuminate\\Container\\Container.php(1423): Illuminate\\Foundation\\Application->make()
#7 C:\\Users\\Lenovo\\Desktop\\scratches\\laravel\\sdt_beta\\vendor\\laravel\\framework\\src\\Illuminate\\View\\ViewServiceProvider.php(150): Illuminate\\Container\\Container->offsetGet()
#8 [internal function]: Illuminate\\View\\ViewServiceProvider->Illuminate\\View\\{closure}()
#9 C:\\Users\\Lenovo\\Desktop\\scratches\\laravel\\sdt_beta\\vendor\\laravel\\framework\\src\\Illuminate\\View\\Engines\\EngineResolver.php(55): call_user_func()
#10 C:\\Users\\Lenovo\\Desktop\\scratches\\laravel\\sdt_beta\\vendor\\facade\\ignition\\src\\IgnitionServiceProvider.php(461): Illuminate\\View\\Engines\\EngineResolver->resolve()
#11 C:\\Users\\Lenovo\\Desktop\\scratches\\laravel\\sdt_beta\\vendor\\facade\\ignition\\src\\IgnitionServiceProvider.php(155): Facade\\Ignition\\IgnitionServiceProvider->hasCustomViewEnginesRegistered()
#12 C:\\Users\\Lenovo\\Desktop\\scratches\\laravel\\sdt_beta\\vendor\\facade\\ignition\\src\\IgnitionServiceProvider.php(98): Facade\\Ignition\\IgnitionServiceProvider->registerViewEngines()
#13 C:\\Users\\Lenovo\\Desktop\\scratches\\laravel\\sdt_beta\\vendor\\laravel\\framework\\src\\Illuminate\\Container\\BoundMethod.php(36): Facade\\Ignition\\IgnitionServiceProvider->boot()
#14 C:\\Users\\Lenovo\\Desktop\\scratches\\laravel\\sdt_beta\\vendor\\laravel\\framework\\src\\Illuminate\\Container\\Util.php(40): Illuminate\\Container\\BoundMethod::Illuminate\\Container\\{closure}()
#15 C:\\Users\\Lenovo\\Desktop\\scratches\\laravel\\sdt_beta\\vendor\\laravel\\framework\\src\\Illuminate\\Container\\BoundMethod.php(93): Illuminate\\Container\\Util::unwrapIfClosure()
#16 C:\\Users\\Lenovo\\Desktop\\scratches\\laravel\\sdt_beta\\vendor\\laravel\\framework\\src\\Illuminate\\Container\\BoundMethod.php(37): Illuminate\\Container\\BoundMethod::callBoundMethod()
#17 C:\\Users\\Lenovo\\Desktop\\scratches\\laravel\\sdt_beta\\vendor\\laravel\\framework\\src\\Illuminate\\Container\\Container.php(653): Illuminate\\Container\\BoundMethod::call()
#18 C:\\Users\\Lenovo\\Desktop\\scratches\\laravel\\sdt_beta\\vendor\\laravel\\framework\\src\\Illuminate\\Foundation\\Application.php(914): Illuminate\\Container\\Container->call()
#19 C:\\Users\\Lenovo\\Desktop\\scratches\\laravel\\sdt_beta\\vendor\\laravel\\framework\\src\\Illuminate\\Foundation\\Application.php(895): Illuminate\\Foundation\\Application->bootProvider()
#20 [internal function]: Illuminate\\Foundation\\Application->Illuminate\\Foundation\\{closure}()
#21 C:\\Users\\Lenovo\\Desktop\\scratches\\laravel\\sdt_beta\\vendor\\laravel\\framework\\src\\Illuminate\\Foundation\\Application.php(896): array_walk()
#22 C:\\Users\\Lenovo\\Desktop\\scratches\\laravel\\sdt_beta\\vendor\\laravel\\framework\\src\\Illuminate\\Foundation\\Bootstrap\\BootProviders.php(17): Illuminate\\Foundation\\Application->boot()
#23 C:\\Users\\Lenovo\\Desktop\\scratches\\laravel\\sdt_beta\\vendor\\laravel\\framework\\src\\Illuminate\\Foundation\\Application.php(237): Illuminate\\Foundation\\Bootstrap\\BootProviders->bootstrap()
#24 C:\\Users\\Lenovo\\Desktop\\scratches\\laravel\\sdt_beta\\vendor\\laravel\\framework\\src\\Illuminate\\Foundation\\Console\\Kernel.php(310): Illuminate\\Foundation\\Application->bootstrapWith()
#25 C:\\Users\\Lenovo\\Desktop\\scratches\\laravel\\sdt_beta\\vendor\\laravel\\framework\\src\\Illuminate\\Foundation\\Console\\Kernel.php(127): Illuminate\\Foundation\\Console\\Kernel->bootstrap()
#26 Command line code(1): Illuminate\\Foundation\\Console\\Kernel->handle()
#27 {main}
"} 
[2021-10-22 12:26:07] local.ERROR: Please provide a valid cache path. {"exception":"[object] (InvalidArgumentException(code: 0): Please provide a valid cache path. at C:\\Users\\Lenovo\\Desktop\\scratches\\laravel\\sdt_beta\\vendor\\laravel\\framework\\src\\Illuminate\\View\\Compilers\\Compiler.php:36)
[stacktrace]
#0 C:\\Users\\Lenovo\\Desktop\\scratches\\laravel\\sdt_beta\\vendor\\laravel\\framework\\src\\Illuminate\\View\\ViewServiceProvider.php(88): Illuminate\\View\\Compilers\\Compiler->__construct()
#1 C:\\Users\\Lenovo\\Desktop\\scratches\\laravel\\sdt_beta\\vendor\\laravel\\framework\\src\\Illuminate\\Container\\Container.php(873): Illuminate\\View\\ViewServiceProvider->Illuminate\\View\\{closure}()
#2 C:\\Users\\Lenovo\\Desktop\\scratches\\laravel\\sdt_beta\\vendor\\laravel\\framework\\src\\Illuminate\\Container\\Container.php(758): Illuminate\\Container\\Container->build()
#3 C:\\Users\\Lenovo\\Desktop\\scratches\\laravel\\sdt_beta\\vendor\\laravel\\framework\\src\\Illuminate\\Foundation\\Application.php(841): Illuminate\\Container\\Container->resolve()
#4 C:\\Users\\Lenovo\\Desktop\\scratches\\laravel\\sdt_beta\\vendor\\laravel\\framework\\src\\Illuminate\\Container\\Container.php(694): Illuminate\\Foundation\\Application->resolve()
#5 C:\\Users\\Lenovo\\Desktop\\scratches\\laravel\\sdt_beta\\vendor\\laravel\\framework\\src\\Illuminate\\Foundation\\Application.php(826): Illuminate\\Container\\Container->make()
#6 C:\\Users\\Lenovo\\Desktop\\scratches\\laravel\\sdt_beta\\vendor\\laravel\\framework\\src\\Illuminate\\Container\\Container.php(1423): Illuminate\\Foundation\\Application->make()
#7 C:\\Users\\Lenovo\\Desktop\\scratches\\laravel\\sdt_beta\\vendor\\laravel\\framework\\src\\Illuminate\\View\\ViewServiceProvider.php(150): Illuminate\\Container\\Container->offsetGet()
#8 [internal function]: Illuminate\\View\\ViewServiceProvider->Illuminate\\View\\{closure}()
#9 C:\\Users\\Lenovo\\Desktop\\scratches\\laravel\\sdt_beta\\vendor\\laravel\\framework\\src\\Illuminate\\View\\Engines\\EngineResolver.php(55): call_user_func()
#10 C:\\Users\\Lenovo\\Desktop\\scratches\\laravel\\sdt_beta\\vendor\\facade\\ignition\\src\\IgnitionServiceProvider.php(461): Illuminate\\View\\Engines\\EngineResolver->resolve()
#11 C:\\Users\\Lenovo\\Desktop\\scratches\\laravel\\sdt_beta\\vendor\\facade\\ignition\\src\\IgnitionServiceProvider.php(155): Facade\\Ignition\\IgnitionServiceProvider->hasCustomViewEnginesRegistered()
#12 C:\\Users\\Lenovo\\Desktop\\scratches\\laravel\\sdt_beta\\vendor\\facade\\ignition\\src\\IgnitionServiceProvider.php(98): Facade\\Ignition\\IgnitionServiceProvider->registerViewEngines()
#13 C:\\Users\\Lenovo\\Desktop\\scratches\\laravel\\sdt_beta\\vendor\\laravel\\framework\\src\\Illuminate\\Container\\BoundMethod.php(36): Facade\\Ignition\\IgnitionServiceProvider->boot()
#14 C:\\Users\\Lenovo\\Desktop\\scratches\\laravel\\sdt_beta\\vendor\\laravel\\framework\\src\\Illuminate\\Container\\Util.php(40): Illuminate\\Container\\BoundMethod::Illuminate\\Container\\{closure}()
#15 C:\\Users\\Lenovo\\Desktop\\scratches\\laravel\\sdt_beta\\vendor\\laravel\\framework\\src\\Illuminate\\Container\\BoundMethod.php(93): Illuminate\\Container\\Util::unwrapIfClosure()
#16 C:\\Users\\Lenovo\\Desktop\\scratches\\laravel\\sdt_beta\\vendor\\laravel\\framework\\src\\Illuminate\\Container\\BoundMethod.php(37): Illuminate\\Container\\BoundMethod::callBoundMethod()
#17 C:\\Users\\Lenovo\\Desktop\\scratches\\laravel\\sdt_beta\\vendor\\laravel\\framework\\src\\Illuminate\\Container\\Container.php(653): Illuminate\\Container\\BoundMethod::call()
#18 C:\\Users\\Lenovo\\Desktop\\scratches\\laravel\\sdt_beta\\vendor\\laravel\\framework\\src\\Illuminate\\Foundation\\Application.php(914): Illuminate\\Container\\Container->call()
#19 C:\\Users\\Lenovo\\Desktop\\scratches\\laravel\\sdt_beta\\vendor\\laravel\\framework\\src\\Illuminate\\Foundation\\Application.php(895): Illuminate\\Foundation\\Application->bootProvider()
#20 [internal function]: Illuminate\\Foundation\\Application->Illuminate\\Foundation\\{closure}()
#21 C:\\Users\\Lenovo\\Desktop\\scratches\\laravel\\sdt_beta\\vendor\\laravel\\framework\\src\\Illuminate\\Foundation\\Application.php(896): array_walk()
#22 C:\\Users\\Lenovo\\Desktop\\scratches\\laravel\\sdt_beta\\vendor\\laravel\\framework\\src\\Illuminate\\Foundation\\Bootstrap\\BootProviders.php(17): Illuminate\\Foundation\\Application->boot()
#23 C:\\Users\\Lenovo\\Desktop\\scratches\\laravel\\sdt_beta\\vendor\\laravel\\framework\\src\\Illuminate\\Foundation\\Application.php(237): Illuminate\\Foundation\\Bootstrap\\BootProviders->bootstrap()
#24 C:\\Users\\Lenovo\\Desktop\\scratches\\laravel\\sdt_beta\\vendor\\laravel\\framework\\src\\Illuminate\\Foundation\\Console\\Kernel.php(310): Illuminate\\Foundation\\Application->bootstrapWith()
#25 C:\\Users\\Lenovo\\Desktop\\scratches\\laravel\\sdt_beta\\vendor\\laravel\\framework\\src\\Illuminate\\Foundation\\Console\\Kernel.php(127): Illuminate\\Foundation\\Console\\Kernel->bootstrap()
#26 Command line code(1): Illuminate\\Foundation\\Console\\Kernel->handle()
#27 {main}
"} 
